SF:lib\core\database\app_database.dart
DA:5,0
DA:6,0
DA:7,0
DA:8,0
DA:13,0
DA:14,0
DA:17,0
DA:18,0
DA:19,0
DA:27,0
DA:28,0
DA:29,0
DA:30,0
DA:33,0
DA:34,0
DA:35,0
DA:36,0
DA:39,0
DA:40,0
DA:41,0
LF:20
LH:0
end_of_record
SF:lib\core\states\app_service_state.dart
DA:5,9
DA:12,8
DA:18,1
LF:3
LH:3
end_of_record
SF:lib\features\login\data\dao\auth_dao.dart
DA:13,1
DA:15,1
DA:16,1
DA:19,1
DA:21,1
DA:22,1
DA:25,1
DA:27,1
DA:30,1
DA:31,1
LF:10
LH:10
end_of_record
SF:lib\core\models\user_model.dart
DA:6,9
DA:11,1
DA:12,1
DA:13,1
DA:14,1
DA:18,0
DA:19,0
DA:20,0
DA:21,0
DA:25,0
DA:27,0
DA:28,0
LF:12
LH:5
end_of_record
SF:lib\features\login\domain\models\login_request_model.dart
DA:6,3
DA:11,0
DA:12,0
DA:13,0
DA:14,0
DA:18,0
DA:19,0
DA:20,0
DA:21,0
DA:25,0
DA:27,0
DA:28,0
LF:12
LH:1
end_of_record
SF:lib\features\login\domain\repositories\auth_repository.dart
DA:27,1
DA:33,1
DA:38,2
DA:44,1
DA:50,2
DA:53,1
DA:58,2
DA:61,1
DA:63,2
DA:66,1
DA:68,2
LF:11
LH:11
end_of_record
SF:lib\features\login\presenter\bloc\auth_bloc.dart
DA:16,1
DA:18,2
DA:19,2
DA:20,2
DA:21,2
DA:23,2
DA:26,2
DA:27,2
DA:28,1
DA:29,1
DA:30,1
DA:32,2
DA:34,1
DA:36,1
DA:37,2
DA:38,1
DA:39,3
DA:40,3
DA:42,3
DA:43,4
DA:44,1
DA:45,1
DA:46,1
DA:47,3
DA:49,3
DA:53,2
DA:54,2
DA:55,1
DA:56,1
DA:57,1
DA:59,2
DA:61,1
DA:62,1
DA:64,1
DA:65,2
DA:66,1
DA:67,3
DA:68,3
DA:71,3
DA:72,4
DA:73,2
DA:74,1
DA:75,1
DA:76,1
DA:77,3
DA:79,3
DA:82,2
DA:83,3
DA:84,1
DA:85,2
DA:86,1
DA:87,1
DA:88,1
DA:97,1
DA:98,1
DA:101,1
DA:102,3
DA:105,4
LF:58
LH:58
end_of_record
SF:lib\features\login\presenter\event\auth_bloc_event.dart
DA:12,1
DA:18,1
DA:28,1
DA:34,1
DA:44,1
DA:51,1
DA:56,1
LF:7
LH:7
end_of_record
SF:lib\features\login\presenter\state\auth_option_state.dart
DA:6,1
DA:12,2
DA:16,2
DA:20,1
DA:24,1
DA:29,1
DA:36,1
DA:41,2
DA:52,1
DA:56,0
LF:10
LH:9
end_of_record
SF:lib\features\tasks\tasks_list\data\service\tasks_list_firebase_service.dart
DA:36,1
DA:43,4
DA:45,2
DA:47,1
DA:51,1
DA:58,3
DA:61,2
DA:62,1
DA:63,1
DA:66,2
DA:68,1
DA:70,1
DA:74,1
DA:81,2
DA:82,2
DA:83,1
DA:84,2
DA:85,0
DA:86,0
DA:87,0
DA:88,0
DA:92,1
DA:94,1
DA:98,1
DA:105,5
DA:106,3
DA:108,1
DA:110,1
LF:28
LH:24
end_of_record
SF:lib\features\tasks\tasks_list\domain\models\task_model.dart
DA:10,6
DA:18,1
DA:19,1
DA:28,1
DA:29,1
DA:30,1
DA:31,1
DA:32,1
DA:34,1
DA:38,1
DA:39,1
DA:40,1
DA:41,2
DA:42,2
DA:43,2
DA:44,2
DA:48,0
DA:50,0
DA:51,0
LF:19
LH:16
end_of_record
SF:lib\features\tasks\add_task\data\service\add_task_firebase_service.dart
DA:20,1
DA:29,3
DA:31,1
DA:32,0
DA:33,0
DA:34,0
DA:36,0
DA:38,0
DA:39,0
DA:40,0
DA:41,0
DA:47,0
DA:48,0
DA:49,0
DA:50,0
DA:51,0
DA:52,0
DA:57,0
DA:59,1
LF:19
LH:4
end_of_record
SF:lib\core\utils\pick_image.dart
DA:6,0
DA:9,0
DA:14,0
DA:16,0
DA:17,0
LF:5
LH:0
end_of_record
SF:lib\features\login\data\service\login_firebase_service.dart
DA:21,1
DA:25,1
DA:26,1
DA:27,1
DA:29,1
DA:30,1
DA:31,1
DA:32,1
DA:33,1
DA:34,1
DA:35,1
DA:36,1
DA:37,1
DA:38,1
DA:39,1
DA:41,1
DA:45,1
DA:52,1
DA:53,1
DA:54,1
DA:56,1
DA:57,2
DA:58,2
DA:61,1
DA:62,2
DA:63,2
DA:64,1
DA:65,1
DA:66,1
DA:67,1
DA:68,1
DA:69,1
DA:70,1
DA:71,1
DA:72,1
DA:73,1
DA:74,1
DA:76,1
LF:38
LH:38
end_of_record
SF:lib\features\tasks\add_task\domain\repositories\add_task_repository.dart
DA:19,1
DA:22,1
DA:29,2
LF:3
LH:3
end_of_record
SF:lib\features\tasks\add_task\presenter\bloc\add_task_bloc.dart
DA:18,1
DA:21,2
DA:22,2
DA:23,2
DA:24,3
DA:26,1
DA:27,1
DA:30,2
DA:32,0
DA:34,0
DA:36,0
DA:40,0
DA:41,0
DA:45,1
DA:46,1
DA:47,2
DA:48,3
DA:49,3
DA:50,1
DA:51,1
DA:52,3
DA:53,2
DA:54,1
DA:56,1
DA:57,1
DA:59,1
DA:60,3
DA:68,0
LF:28
LH:22
end_of_record
SF:lib\features\tasks\add_task\presenter\event\add_task_event.dart
DA:14,1
DA:24,1
DA:31,1
LF:3
LH:3
end_of_record
SF:lib\features\tasks\add_task\presenter\states\add_task_state.dart
DA:13,1
LF:1
LH:1
end_of_record
SF:lib\features\tasks\tasks_list\domain\repositories\tasks_list_repository.dart
DA:37,1
DA:40,1
DA:47,1
DA:48,1
DA:49,1
DA:51,2
DA:55,1
DA:61,2
DA:64,1
DA:70,2
DA:73,1
DA:79,2
LF:12
LH:12
end_of_record
SF:lib\features\tasks\tasks_list\presenter\bloc\tasks_list_bloc.dart
DA:27,1
DA:35,2
DA:36,2
DA:37,2
DA:40,3
DA:42,0
DA:44,1
DA:45,2
DA:46,1
DA:47,1
DA:48,1
DA:49,1
DA:51,1
DA:52,1
DA:53,2
DA:54,2
DA:55,3
DA:56,3
DA:58,3
DA:59,2
DA:60,1
DA:61,1
DA:62,1
DA:65,1
DA:66,2
DA:67,2
DA:68,6
DA:69,0
DA:74,2
DA:76,0
DA:78,0
DA:79,0
DA:81,0
DA:82,0
DA:85,2
DA:86,2
DA:87,2
DA:88,3
DA:89,1
DA:90,2
DA:91,1
DA:92,1
DA:93,1
DA:95,1
DA:96,2
DA:100,2
DA:101,5
DA:102,1
DA:103,1
DA:104,4
DA:106,1
DA:107,1
DA:108,1
DA:110,1
DA:112,2
DA:114,2
DA:115,1
DA:116,0
DA:117,0
DA:120,2
DA:121,3
DA:122,3
DA:123,1
DA:124,2
DA:125,1
DA:126,1
DA:127,1
DA:129,1
DA:130,1
DA:131,1
DA:132,0
DA:134,1
DA:135,1
DA:136,1
DA:138,0
DA:140,2
DA:144,2
DA:145,2
DA:146,2
DA:147,2
DA:148,0
DA:149,0
DA:153,2
DA:155,2
DA:156,3
DA:157,3
DA:159,2
DA:161,1
DA:162,0
DA:163,0
DA:164,0
DA:165,0
DA:166,0
DA:170,1
DA:171,6
DA:172,2
DA:173,1
DA:179,3
LF:98
LH:80
end_of_record
SF:lib\features\tasks\tasks_list\presenter\event\tasks_list_event.dart
DA:15,1
DA:26,1
DA:36,1
DA:46,1
DA:55,1
DA:63,1
LF:6
LH:6
end_of_record
SF:lib\features\tasks\tasks_list\presenter\state\task_list_bloc_state.dart
DA:15,0
LF:1
LH:0
end_of_record
