SF:lib\core\database\app_database.dart
DA:5,0
DA:6,0
DA:7,0
DA:8,0
DA:13,0
DA:14,0
DA:17,0
DA:18,0
DA:19,0
DA:27,0
DA:28,0
DA:29,0
DA:30,0
DA:33,0
DA:34,0
DA:35,0
DA:36,0
DA:39,0
DA:40,0
DA:41,0
LF:20
LH:0
end_of_record
SF:lib\core\states\app_service_state.dart
DA:5,9
DA:12,8
DA:18,1
LF:3
LH:3
end_of_record
SF:lib\features\login\data\dao\auth_dao.dart
DA:13,1
DA:15,1
DA:16,1
DA:19,1
DA:21,1
DA:22,1
DA:25,1
DA:27,1
DA:30,1
DA:31,1
LF:10
LH:10
end_of_record
SF:lib\core\models\user_model.dart
DA:6,9
DA:11,1
DA:12,1
DA:13,1
DA:14,1
DA:18,0
DA:19,0
DA:20,0
DA:21,0
DA:25,0
DA:27,0
DA:28,0
LF:12
LH:5
end_of_record
SF:lib\features\login\domain\models\login_request_model.dart
DA:6,3
DA:11,0
DA:12,0
DA:13,0
DA:14,0
DA:18,0
DA:19,0
DA:20,0
DA:21,0
DA:25,0
DA:27,0
DA:28,0
LF:12
LH:1
end_of_record
SF:lib\features\login\domain\repositories\auth_repository.dart
DA:27,1
DA:33,1
DA:38,2
DA:44,1
DA:50,2
DA:53,1
DA:58,2
DA:61,1
DA:63,2
DA:66,1
DA:68,2
LF:11
LH:11
end_of_record
SF:lib\features\login\presenter\bloc\auth_bloc.dart
DA:15,1
DA:17,2
DA:18,2
DA:19,2
DA:20,2
DA:22,2
DA:25,2
DA:26,2
DA:27,1
DA:28,1
DA:29,1
DA:31,2
DA:33,1
DA:35,1
DA:36,2
DA:37,1
DA:38,3
DA:39,3
DA:41,3
DA:42,4
DA:43,1
DA:44,1
DA:45,1
DA:46,3
DA:48,3
DA:52,2
DA:53,2
DA:54,1
DA:55,1
DA:56,1
DA:58,2
DA:60,1
DA:61,1
DA:63,1
DA:64,2
DA:65,1
DA:66,3
DA:67,3
DA:70,3
DA:71,4
DA:72,2
DA:73,1
DA:74,1
DA:75,1
DA:76,3
DA:78,3
DA:81,2
DA:82,3
DA:83,1
DA:84,2
DA:85,1
DA:86,1
DA:87,1
DA:96,1
DA:97,1
DA:104,4
LF:56
LH:56
end_of_record
SF:lib\features\login\presenter\event\auth_bloc_event.dart
DA:12,1
DA:18,1
DA:28,1
DA:34,1
DA:44,1
DA:51,1
DA:56,1
LF:7
LH:7
end_of_record
SF:lib\features\login\presenter\state\auth_option_state.dart
DA:6,1
DA:12,2
DA:16,2
DA:20,1
DA:24,1
DA:29,1
DA:36,1
DA:41,2
DA:52,1
DA:56,0
LF:10
LH:9
end_of_record
SF:lib\features\login\data\service\login_firebase_service.dart
DA:21,1
DA:25,1
DA:26,1
DA:27,1
DA:29,1
DA:30,1
DA:31,1
DA:32,1
DA:33,1
DA:34,1
DA:35,1
DA:36,1
DA:37,1
DA:38,1
DA:39,1
DA:41,1
DA:45,1
DA:52,1
DA:53,1
DA:54,1
DA:56,1
DA:57,2
DA:58,2
DA:61,1
DA:62,2
DA:63,2
DA:64,1
DA:65,1
DA:66,1
DA:67,1
DA:68,1
DA:69,1
DA:70,1
DA:71,1
DA:72,1
DA:73,1
DA:74,1
DA:76,1
LF:38
LH:38
end_of_record
SF:lib\features\tasks\add_task\data\service\add_task_firebase_service.dart
DA:20,1
DA:29,3
DA:31,1
DA:32,0
DA:33,0
DA:34,0
DA:36,0
DA:38,0
DA:39,0
DA:40,0
DA:41,0
DA:47,0
DA:48,0
DA:49,0
DA:50,0
DA:51,0
DA:52,0
DA:57,0
DA:59,1
LF:19
LH:4
end_of_record
SF:lib\features\tasks\tasks_list\domain\models\task_model.dart
DA:10,6
DA:18,1
DA:19,1
DA:28,1
DA:29,1
DA:30,1
DA:31,1
DA:32,1
DA:34,1
DA:38,1
DA:39,1
DA:40,1
DA:41,2
DA:42,2
DA:43,2
DA:44,2
DA:48,0
DA:50,0
DA:51,0
LF:19
LH:16
end_of_record
SF:lib\features\tasks\add_task\domain\repositories\add_task_repository.dart
DA:19,1
DA:22,1
DA:29,2
LF:3
LH:3
end_of_record
SF:lib\features\tasks\add_task\presenter\bloc\add_task_bloc.dart
DA:17,1
DA:20,2
DA:21,2
DA:22,2
DA:23,3
DA:25,1
DA:26,1
DA:29,2
DA:31,0
DA:33,0
DA:35,0
DA:39,0
DA:40,0
DA:44,1
DA:45,1
DA:46,2
DA:47,3
DA:48,3
DA:49,1
DA:50,1
DA:51,3
DA:52,2
DA:53,1
DA:55,1
DA:56,1
DA:58,1
DA:59,3
DA:67,0
LF:28
LH:22
end_of_record
SF:lib\features\tasks\add_task\presenter\event\add_task_event.dart
DA:14,1
DA:24,1
DA:31,1
LF:3
LH:3
end_of_record
SF:lib\features\tasks\add_task\presenter\states\add_task_state.dart
DA:13,1
LF:1
LH:1
end_of_record
SF:lib\features\tasks\tasks_list\data\service\tasks_list_firebase_service.dart
DA:36,1
DA:43,4
DA:45,2
DA:47,1
DA:51,1
DA:58,3
DA:61,2
DA:62,1
DA:63,1
DA:66,2
DA:68,1
DA:70,1
DA:74,1
DA:81,2
DA:82,2
DA:83,1
DA:84,2
DA:85,0
DA:86,0
DA:87,0
DA:88,0
DA:92,1
DA:94,1
DA:98,1
DA:105,5
DA:106,3
DA:108,1
DA:110,1
LF:28
LH:24
end_of_record
SF:lib\features\tasks\tasks_list\domain\repositories\tasks_list_repository.dart
DA:37,1
DA:40,1
DA:47,1
DA:48,1
DA:49,1
DA:51,2
DA:55,1
DA:61,2
DA:64,1
DA:70,2
DA:73,1
DA:79,2
LF:12
LH:12
end_of_record
SF:lib\features\tasks\tasks_list\presenter\bloc\tasks_list_bloc.dart
DA:27,1
DA:35,2
DA:36,2
DA:37,2
DA:39,3
DA:40,1
DA:41,2
DA:42,1
DA:43,1
DA:44,1
DA:45,1
DA:47,1
DA:48,1
DA:49,2
DA:50,2
DA:51,3
DA:52,3
DA:54,3
DA:55,2
DA:56,1
DA:57,1
DA:58,1
DA:61,1
DA:62,2
DA:63,2
DA:64,6
DA:65,0
DA:70,2
DA:72,0
DA:74,0
DA:75,0
DA:77,0
DA:78,0
DA:81,2
DA:82,2
DA:83,2
DA:84,3
DA:85,1
DA:86,2
DA:87,1
DA:88,1
DA:89,1
DA:91,1
DA:92,2
DA:96,2
DA:97,5
DA:98,1
DA:99,1
DA:100,4
DA:102,1
DA:103,1
DA:104,1
DA:106,1
DA:108,2
DA:110,2
DA:111,1
DA:112,0
DA:113,0
DA:116,2
DA:117,3
DA:118,3
DA:119,1
DA:120,2
DA:121,1
DA:122,1
DA:123,1
DA:125,1
DA:126,1
DA:127,1
DA:128,0
DA:130,1
DA:131,1
DA:132,1
DA:134,0
DA:136,2
DA:140,2
DA:141,2
DA:142,2
DA:143,2
DA:144,0
DA:145,0
DA:149,2
DA:151,2
DA:152,3
DA:153,3
DA:155,2
DA:157,1
DA:158,0
DA:159,0
DA:160,0
DA:161,0
DA:162,0
DA:166,1
DA:167,6
DA:168,2
DA:169,1
DA:175,3
LF:97
LH:80
end_of_record
SF:lib\features\tasks\tasks_list\presenter\event\tasks_list_event.dart
DA:15,1
DA:26,1
DA:36,1
DA:46,1
DA:55,1
DA:63,1
LF:6
LH:6
end_of_record
SF:lib\features\tasks\tasks_list\presenter\state\task_list_bloc_state.dart
DA:15,0
LF:1
LH:0
end_of_record
